mode: atomic
go-playstore-publisher/playpublisher/listapkservice.go:13.57,17.16 3 0
go-playstore-publisher/playpublisher/listapkservice.go:21.2,22.16 2 0
go-playstore-publisher/playpublisher/listapkservice.go:26.2,26.25 1 0
go-playstore-publisher/playpublisher/listapkservice.go:30.2,30.12 1 0
go-playstore-publisher/playpublisher/listapkservice.go:17.16,19.3 1 0
go-playstore-publisher/playpublisher/listapkservice.go:22.16,24.3 1 0
go-playstore-publisher/playpublisher/listapkservice.go:26.25,28.3 1 0
go-playstore-publisher/playpublisher/playpublisher.go:34.60,36.16 2 1
go-playstore-publisher/playpublisher/playpublisher.go:40.2,41.16 2 0
go-playstore-publisher/playpublisher/playpublisher.go:46.2,46.31 1 0
go-playstore-publisher/playpublisher/playpublisher.go:36.16,38.3 1 1
go-playstore-publisher/playpublisher/playpublisher.go:41.16,43.3 1 0
go-playstore-publisher/playpublisher/playpublisher.go:49.53,51.16 2 1
go-playstore-publisher/playpublisher/playpublisher.go:55.2,59.20 5 1
go-playstore-publisher/playpublisher/playpublisher.go:51.16,53.3 1 0
go-playstore-publisher/playpublisher/playpublisher.go:63.68,65.16 2 4
go-playstore-publisher/playpublisher/playpublisher.go:70.2,72.16 3 3
go-playstore-publisher/playpublisher/playpublisher.go:77.2,78.16 2 2
go-playstore-publisher/playpublisher/playpublisher.go:82.2,82.42 1 1
go-playstore-publisher/playpublisher/playpublisher.go:65.16,67.3 1 1
go-playstore-publisher/playpublisher/playpublisher.go:72.16,74.3 1 1
go-playstore-publisher/playpublisher/playpublisher.go:78.16,80.3 1 1
go-playstore-publisher/playpublisher/playpublisher.go:85.51,86.49 1 4
go-playstore-publisher/playpublisher/playpublisher.go:90.2,97.8 1 2
go-playstore-publisher/playpublisher/playpublisher.go:86.49,88.3 1 2
go-playstore-publisher/playpublisher/uploadapkservice.go:22.26,28.16 3 0
go-playstore-publisher/playpublisher/uploadapkservice.go:33.2,38.16 2 0
go-playstore-publisher/playpublisher/uploadapkservice.go:43.2,47.16 3 0
go-playstore-publisher/playpublisher/uploadapkservice.go:52.2,54.16 3 0
go-playstore-publisher/playpublisher/uploadapkservice.go:59.2,61.16 3 0
go-playstore-publisher/playpublisher/uploadapkservice.go:66.2,66.59 1 0
go-playstore-publisher/playpublisher/uploadapkservice.go:28.16,30.3 1 0
go-playstore-publisher/playpublisher/uploadapkservice.go:38.16,40.3 1 0
go-playstore-publisher/playpublisher/uploadapkservice.go:47.16,49.3 1 0
go-playstore-publisher/playpublisher/uploadapkservice.go:54.16,56.3 1 0
go-playstore-publisher/playpublisher/uploadapkservice.go:61.16,63.3 1 0
go-playstore-publisher/playpublisher/helper.go:23.75,31.2 2 1
go-playstore-publisher/playpublisher/helper.go:33.102,35.16 2 0
go-playstore-publisher/playpublisher/helper.go:39.2,39.18 1 0
go-playstore-publisher/playpublisher/helper.go:35.16,37.3 1 0
go-playstore-publisher/playpublisher/helper.go:42.84,44.16 2 0
go-playstore-publisher/playpublisher/helper.go:47.2,47.22 1 0
go-playstore-publisher/playpublisher/helper.go:44.16,46.3 1 0
go-playstore-publisher/playpublisher/helper.go:51.51,53.16 2 0
go-playstore-publisher/playpublisher/helper.go:57.2,57.23 1 0
go-playstore-publisher/playpublisher/helper.go:53.16,55.3 1 0
go-playstore-publisher/playpublisher/helper.go:63.53,67.16 3 0
go-playstore-publisher/playpublisher/helper.go:71.2,71.17 1 0
go-playstore-publisher/playpublisher/helper.go:67.16,69.3 1 0
go-playstore-publisher/playpublisher/helper.go:76.53,79.16 2 0
go-playstore-publisher/playpublisher/helper.go:83.2,83.40 1 0
go-playstore-publisher/playpublisher/helper.go:89.2,89.72 1 0
go-playstore-publisher/playpublisher/helper.go:79.16,81.3 1 0
go-playstore-publisher/playpublisher/helper.go:83.40,84.31 1 0
go-playstore-publisher/playpublisher/helper.go:84.31,86.4 1 0
go-playstore-publisher/playpublisher/helper.go:94.55,101.23 2 0
go-playstore-publisher/playpublisher/helper.go:107.2,109.19 2 0
go-playstore-publisher/playpublisher/helper.go:101.23,105.3 3 0
go-playstore-publisher/playpublisher/helper.go:116.48,122.16 3 0
go-playstore-publisher/playpublisher/helper.go:126.2,126.12 1 0
go-playstore-publisher/playpublisher/helper.go:122.16,124.3 1 0
go-playstore-publisher/playpublisher/helper.go:129.90,131.16 2 0
go-playstore-publisher/playpublisher/helper.go:135.2,135.12 1 0
go-playstore-publisher/playpublisher/helper.go:131.16,133.3 1 0
go-playstore-publisher/playpublisher/helper.go:138.88,147.2 5 0
